c:\users\austin.hollenbeck\documents\github\gameengine\gameengine\debug\vc120.pdb
c:\users\austin.hollenbeck\documents\github\gameengine\gameengine\debug\vc120.idb
c:\users\austin.hollenbeck\documents\github\gameengine\gameengine\debug\animotion.obj
c:\users\austin.hollenbeck\documents\github\gameengine\gameengine\debug\graph.obj
c:\users\austin.hollenbeck\documents\github\gameengine\gameengine\debug\main.obj
c:\users\austin.hollenbeck\documents\github\gameengine\gameengine\debug\mathstuffandshit.obj
c:\users\austin.hollenbeck\documents\github\gameengine\gameengine\debug\sprite.obj
c:\users\austin.hollenbeck\documents\github\gameengine\gameengine\debug\gameengine.ilk
c:\users\austin.hollenbeck\documents\github\gameengine\gameengine\debug\gameengine.exe
c:\users\austin.hollenbeck\documents\github\gameengine\gameengine\debug\gameengine.pdb
c:\users\austin.hollenbeck\documents\github\gameengine\gameengine\debug\gameengine.res
c:\users\austin.hollenbeck\documents\github\gameengine\gameengine\debug\gameengine.tlog\cl.command.1.tlog
c:\users\austin.hollenbeck\documents\github\gameengine\gameengine\debug\gameengine.tlog\cl.read.1.tlog
c:\users\austin.hollenbeck\documents\github\gameengine\gameengine\debug\gameengine.tlog\cl.write.1.tlog
c:\users\austin.hollenbeck\documents\github\gameengine\gameengine\debug\gameengine.tlog\link.command.1.tlog
c:\users\austin.hollenbeck\documents\github\gameengine\gameengine\debug\gameengine.tlog\link.read.1.tlog
c:\users\austin.hollenbeck\documents\github\gameengine\gameengine\debug\gameengine.tlog\link.write.1.tlog
c:\users\austin.hollenbeck\documents\github\gameengine\gameengine\debug\gameengine.tlog\rc.command.1.tlog
c:\users\austin.hollenbeck\documents\github\gameengine\gameengine\debug\gameengine.tlog\rc.read.1.tlog
c:\users\austin.hollenbeck\documents\github\gameengine\gameengine\debug\gameengine.tlog\rc.write.1.tlog
